This is pdfTeX, Version 3.1415926-2.5-1.40.14 (MiKTeX 2.9) (preloaded format=pdflatex 2015.1.5)  5 JAN 2015 17:34
entering extended mode
**COMP21111Revision.tex

("E:\Users\rawrchu\Google Drive\Y2Sem1 Collaborative exam docs\COMP21111 Source
\COMP21111Revision.tex"
LaTeX2e <2011/06/27>
Babel <v3.8m> and hyphenation patterns for english, afrikaans, ancientgreek, ar
abic, armenian, assamese, basque, bengali, bokmal, bulgarian, catalan, coptic, 
croatian, czech, danish, dutch, esperanto, estonian, farsi, finnish, french, ga
lician, german, german-x-2013-05-26, greek, gujarati, hindi, hungarian, iceland
ic, indonesian, interlingua, irish, italian, kannada, kurmanji, latin, latvian,
 lithuanian, malayalam, marathi, mongolian, mongolianlmc, monogreek, ngerman, n
german-x-2013-05-26, nynorsk, oriya, panjabi, pinyin, polish, portuguese, roman
ian, russian, sanskrit, serbian, slovak, slovenian, spanish, swedish, swissgerm
an, tamil, telugu, turkish, turkmen, ukenglish, ukrainian, uppersorbian, usengl
ishmax, welsh, loaded.
(E:\Users\rawrchu\Downloads\MiXTeX\tex\latex\base\article.cls
Document Class: article 2007/10/19 v1.4h Standard LaTeX document class
(E:\Users\rawrchu\Downloads\MiXTeX\tex\latex\base\size11.clo
File: size11.clo 2007/10/19 v1.4h Standard LaTeX file (size option)
)
\c@part=\count79
\c@section=\count80
\c@subsection=\count81
\c@subsubsection=\count82
\c@paragraph=\count83
\c@subparagraph=\count84
\c@figure=\count85
\c@table=\count86
\abovecaptionskip=\skip41
\belowcaptionskip=\skip42
\bibindent=\dimen102
)
(E:\Users\rawrchu\Downloads\MiXTeX\tex\latex\graphics\graphicx.sty
Package: graphicx 1999/02/16 v1.0f Enhanced LaTeX Graphics (DPC,SPQR)

(E:\Users\rawrchu\Downloads\MiXTeX\tex\latex\graphics\keyval.sty
Package: keyval 1999/03/16 v1.13 key=value parser (DPC)
\KV@toks@=\toks14
)
(E:\Users\rawrchu\Downloads\MiXTeX\tex\latex\graphics\graphics.sty
Package: graphics 2009/02/05 v1.0o Standard LaTeX Graphics (DPC,SPQR)

(E:\Users\rawrchu\Downloads\MiXTeX\tex\latex\graphics\trig.sty
Package: trig 1999/03/16 v1.09 sin cos tan (DPC)
)
(E:\Users\rawrchu\Downloads\MiXTeX\tex\latex\00miktex\graphics.cfg
File: graphics.cfg 2007/01/18 v1.5 graphics configuration of teTeX/TeXLive
)
Package graphics Info: Driver file: pdftex.def on input line 91.

(E:\Users\rawrchu\Downloads\MiXTeX\tex\latex\pdftex-def\pdftex.def
File: pdftex.def 2011/05/27 v0.06d Graphics/color for pdfTeX

(E:\Users\rawrchu\Downloads\MiXTeX\tex\generic\oberdiek\infwarerr.sty
Package: infwarerr 2010/04/08 v1.3 Providing info/warning/error messages (HO)
)
(E:\Users\rawrchu\Downloads\MiXTeX\tex\generic\oberdiek\ltxcmds.sty
Package: ltxcmds 2011/11/09 v1.22 LaTeX kernel commands for general use (HO)
)
\Gread@gobject=\count87
))
\Gin@req@height=\dimen103
\Gin@req@width=\dimen104
)
(E:\Users\rawrchu\Downloads\MiXTeX\tex\latex\oberdiek\epstopdf.sty
Package: epstopdf 2010/02/09 v2.5 Conversion with epstopdf on the fly (HO)

(E:\Users\rawrchu\Downloads\MiXTeX\tex\latex\oberdiek\epstopdf-base.sty
Package: epstopdf-base 2010/02/09 v2.5 Base part for package epstopdf

(E:\Users\rawrchu\Downloads\MiXTeX\tex\latex\oberdiek\grfext.sty
Package: grfext 2010/08/19 v1.1 Manage graphics extensions (HO)

(E:\Users\rawrchu\Downloads\MiXTeX\tex\generic\oberdiek\kvdefinekeys.sty
Package: kvdefinekeys 2011/04/07 v1.3 Define keys (HO)
))
(E:\Users\rawrchu\Downloads\MiXTeX\tex\latex\oberdiek\kvoptions.sty
Package: kvoptions 2011/06/30 v3.11 Key value format for package options (HO)

(E:\Users\rawrchu\Downloads\MiXTeX\tex\generic\oberdiek\kvsetkeys.sty
Package: kvsetkeys 2012/04/25 v1.16 Key value parser (HO)

(E:\Users\rawrchu\Downloads\MiXTeX\tex\generic\oberdiek\etexcmds.sty
Package: etexcmds 2011/02/16 v1.5 Avoid name clashes with e-TeX commands (HO)

(E:\Users\rawrchu\Downloads\MiXTeX\tex\generic\oberdiek\ifluatex.sty
Package: ifluatex 2010/03/01 v1.3 Provides the ifluatex switch (HO)
Package ifluatex Info: LuaTeX not detected.
)
Package etexcmds Info: Could not find \expanded.
(etexcmds)             That can mean that you are not using pdfTeX 1.50 or
(etexcmds)             that some package has redefined \expanded.
(etexcmds)             In the latter case, load this package earlier.
)))
(E:\Users\rawrchu\Downloads\MiXTeX\tex\generic\oberdiek\pdftexcmds.sty
Package: pdftexcmds 2011/11/29 v0.20 Utility functions of pdfTeX for LuaTeX (HO
)

(E:\Users\rawrchu\Downloads\MiXTeX\tex\generic\oberdiek\ifpdf.sty
Package: ifpdf 2011/01/30 v2.3 Provides the ifpdf switch (HO)
Package ifpdf Info: pdfTeX in PDF mode is detected.
)
Package pdftexcmds Info: LuaTeX not detected.
Package pdftexcmds Info: \pdf@primitive is available.
Package pdftexcmds Info: \pdf@ifprimitive is available.
Package pdftexcmds Info: \pdfdraftmode found.
)
Package grfext Info: Graphics extension search list:
(grfext)             [.png,.pdf,.jpg,.mps,.jpeg,.jbig2,.jb2,.PNG,.PDF,.JPG,.JPE
G,.JBIG2,.JB2,.eps]
(grfext)             \AppendGraphicsExtensions on input line 452.
))
(E:\Users\rawrchu\Downloads\MiXTeX\tex\latex\amsfonts\amssymb.sty
Package: amssymb 2013/01/14 v3.01 AMS font symbols

(E:\Users\rawrchu\Downloads\MiXTeX\tex\latex\amsfonts\amsfonts.sty
Package: amsfonts 2013/01/14 v3.01 Basic AMSFonts support
\@emptytoks=\toks15
\symAMSa=\mathgroup4
\symAMSb=\mathgroup5
LaTeX Font Info:    Overwriting math alphabet `\mathfrak' in version `bold'
(Font)                  U/euf/m/n --> U/euf/b/n on input line 106.
))
No file COMP21111Revision.aux.
LaTeX Font Info:    Checking defaults for OML/cmm/m/it on input line 5.
LaTeX Font Info:    ... okay on input line 5.
LaTeX Font Info:    Checking defaults for T1/cmr/m/n on input line 5.
LaTeX Font Info:    ... okay on input line 5.
LaTeX Font Info:    Checking defaults for OT1/cmr/m/n on input line 5.
LaTeX Font Info:    ... okay on input line 5.
LaTeX Font Info:    Checking defaults for OMS/cmsy/m/n on input line 5.
LaTeX Font Info:    ... okay on input line 5.
LaTeX Font Info:    Checking defaults for OMX/cmex/m/n on input line 5.
LaTeX Font Info:    ... okay on input line 5.
LaTeX Font Info:    Checking defaults for U/cmr/m/n on input line 5.
LaTeX Font Info:    ... okay on input line 5.
(E:\Users\rawrchu\Downloads\MiXTeX\tex\context\base\supp-pdf.mkii
[Loading MPS to PDF converter (version 2006.09.02).]
\scratchcounter=\count88
\scratchdimen=\dimen105
\scratchbox=\box26
\nofMPsegments=\count89
\nofMParguments=\count90
\everyMPshowfont=\toks16
\MPscratchCnt=\count91
\MPscratchDim=\dimen106
\MPnumerator=\count92
\makeMPintoPDFobject=\count93
\everyMPtoPDFconversion=\toks17
)
LaTeX Font Info:    Try loading font information for U+msa on input line 7.
 (E:\Users\rawrchu\Downloads\MiXTeX\tex\latex\amsfonts\umsa.fd
File: umsa.fd 2013/01/14 v3.01 AMS symbols A
)
LaTeX Font Info:    Try loading font information for U+msb on input line 7.

(E:\Users\rawrchu\Downloads\MiXTeX\tex\latex\amsfonts\umsb.fd
File: umsb.fd 2013/01/14 v3.01 AMS symbols B
)

LaTeX Warning: No \author given.

No file COMP21111Revision.toc.
\tf@toc=\write3
[1

{E:/Users/rawrchu/Downloads/MiXTeX/pdftex/config/pdftex.map}] [2] [3]
[4] [5]
Package epstopdf Info: Source file: <SplittingExample.eps>
(epstopdf)                    date: 2014-12-17 22:31:53
(epstopdf)                    size: 55671 bytes
(epstopdf)             Output file: <SplittingExample-eps-converted-to.pdf>
(epstopdf)             Command: <epstopdf --outfile=SplittingExample-eps-conver
ted-to.pdf SplittingExample.eps>
(epstopdf)             \includegraphics on input line 292.
runsystem(epstopdf --outfile=SplittingExample-eps-converted-to.pdf SplittingExa
mple.eps)...executed (allowed).

Package epstopdf Info: Result file: <SplittingExample-eps-converted-to.pdf>
(epstopdf)                    date: 2015-01-05 17:35:30
(epstopdf)                    size: 18891 bytes.

<SplittingExample-eps-converted-to.pdf, id=26, 893.3375pt x 549.05125pt>
File: SplittingExample-eps-converted-to.pdf Graphic file (type pdf)

<use SplittingExample-eps-converted-to.pdf>
Package pdftex.def Info: SplittingExample-eps-converted-to.pdf used on input li
ne 292.
(pdftex.def)             Requested size: 360.0pt x 221.25867pt.
 [6]
Package epstopdf Info: Source file: <ParseTreeExample.eps>
(epstopdf)                    date: 2014-12-17 22:31:37
(epstopdf)                    size: 16246 bytes
(epstopdf)             Output file: <ParseTreeExample-eps-converted-to.pdf>
(epstopdf)             Command: <epstopdf --outfile=ParseTreeExample-eps-conver
ted-to.pdf ParseTreeExample.eps>
(epstopdf)             \includegraphics on input line 297.
runsystem(epstopdf --outfile=ParseTreeExample-eps-converted-to.pdf ParseTreeExa
mple.eps)...executed (allowed).

Package epstopdf Info: Result file: <ParseTreeExample-eps-converted-to.pdf>
(epstopdf)                    date: 2015-01-05 17:35:30
(epstopdf)                    size: 8056 bytes.

<ParseTreeExample-eps-converted-to.pdf, id=30, 487.8225pt x 338.26375pt>
File: ParseTreeExample-eps-converted-to.pdf Graphic file (type pdf)

<use ParseTreeExample-eps-converted-to.pdf>
Package pdftex.def Info: ParseTreeExample-eps-converted-to.pdf used on input li
ne 297.
(pdftex.def)             Requested size: 180.0pt x 124.81496pt.
Package epstopdf Info: Source file: <PolarityExample.eps>
(epstopdf)                    date: 2014-12-17 22:31:44
(epstopdf)                    size: 29987 bytes
(epstopdf)             Output file: <PolarityExample-eps-converted-to.pdf>
(epstopdf)             Command: <epstopdf --outfile=PolarityExample-eps-convert
ed-to.pdf PolarityExample.eps>
(epstopdf)             \includegraphics on input line 315.
runsystem(epstopdf --outfile=PolarityExample-eps-converted-to.pdf PolarityExamp
le.eps)...executed (allowed).

Package epstopdf Info: Result file: <PolarityExample-eps-converted-to.pdf>
(epstopdf)                    date: 2015-01-05 17:35:31
(epstopdf)                    size: 12593 bytes.

<PolarityExample-eps-converted-to.pdf, id=31, 625.33624pt x 456.70625pt>
File: PolarityExample-eps-converted-to.pdf Graphic file (type pdf)

<use PolarityExample-eps-converted-to.pdf>
Package pdftex.def Info: PolarityExample-eps-converted-to.pdf used on input lin
e 315.
(pdftex.def)             Requested size: 270.0pt x 197.19519pt.
 [7 <E:/Users/rawrchu/Google Drive/Y2Sem1 Collaborative exam docs/COMP21111 Sou
rce/SplittingExample-eps-converted-to.pdf> <E:/Users/rawrchu/Google Drive/Y2Sem
1 Collaborative exam docs/COMP21111 Source/ParseTreeExample-eps-converted-to.pd
f>] [8 <E:/Users/rawrchu/Google Drive/Y2Sem1 Collaborative exam docs/COMP21111 
Source/PolarityExample-eps-converted-to.pdf>] [9]
Overfull \hbox (20.18642pt too wide) in paragraph at lines 447--486
[][] 
 []

[10] [11]
Overfull \hbox (63.55113pt too wide) in paragraph at lines 514--543
[][] 
 []

[12] [13]
("E:\Users\rawrchu\Google Drive\Y2Sem1 Collaborative exam docs\COMP21111 Source
\COMP21111Revision.aux") ) 
Here is how much of TeX's memory you used:
 1800 strings out of 493921
 25614 string characters out of 3144901
 82170 words of memory out of 3000000
 5082 multiletter control sequences out of 15000+200000
 11390 words of font info for 43 fonts, out of 3000000 for 9000
 841 hyphenation exceptions out of 8191
 42i,8n,26p,405b,197s stack positions out of 5000i,500n,10000p,200000b,50000s
<E:/Users/rawrchu/Downloads/MiXTeX/fonts/type1/public
/amsfonts/cm/cmbx12.pfb><E:/Users/rawrchu/Downloads/MiXTeX/fonts/type1/public/a
msfonts/cm/cmmi10.pfb><E:/Users/rawrchu/Downloads/MiXTeX/fonts/type1/public/ams
fonts/cm/cmmi8.pfb><E:/Users/rawrchu/Downloads/MiXTeX/fonts/type1/public/amsfon
ts/cm/cmr10.pfb><E:/Users/rawrchu/Downloads/MiXTeX/fonts/type1/public/amsfonts/
cm/cmr12.pfb><E:/Users/rawrchu/Downloads/MiXTeX/fonts/type1/public/amsfonts/cm/
cmr17.pfb><E:/Users/rawrchu/Downloads/MiXTeX/fonts/type1/public/amsfonts/cm/cmr
8.pfb><E:/Users/rawrchu/Downloads/MiXTeX/fonts/type1/public/amsfonts/cm/cmsy10.
pfb><E:/Users/rawrchu/Downloads/MiXTeX/fonts/type1/public/amsfonts/cm/cmti10.pf
b><E:/Users/rawrchu/Downloads/MiXTeX/fonts/type1/public/amsfonts/symbols/msam10
.pfb>
Output written on COMP21111Revision.pdf (13 pages, 177857 bytes).
PDF statistics:
 94 PDF objects out of 1000 (max. 8388607)
 0 named destinations out of 1000 (max. 500000)
 16 words of extra memory for PDF output out of 10000 (max. 10000000)

